<?xml version="1.0" encoding="UTF-8"?>
<robot generator="Robot 4.1.3 (Python 3.8.10 on linux)" generated="20220324 19:20:36.871" rpa="false" schemaversion="2">
<suite id="s1" name="Sampletest" source="/home/bjit/PycharmProjects/robotfor_git/testrobot/sampletest.robot">
<test id="s1-t1" name="MyFirsttest">
<kw name="Log" library="BuiltIn">
<arg>Hello World...</arg>
<doc>Logs the given message with the given level.</doc>
<msg timestamp="20220324 19:20:36.984" level="INFO">Hello World...</msg>
<status status="PASS" starttime="20220324 19:20:36.984" endtime="20220324 19:20:36.984"/>
</kw>
<status status="PASS" starttime="20220324 19:20:36.984" endtime="20220324 19:20:36.985"/>
</test>
<test id="s1-t2" name="FirstSeleniumTest">
<kw name="Open Browser" library="SeleniumLibrary">
<arg>https:google.com</arg>
<arg>chrome</arg>
<doc>Opens a new browser instance to the optional ``url``.</doc>
<msg timestamp="20220324 19:20:36.985" level="INFO">Opening browser 'chrome' to base url 'https:google.com'.</msg>
<status status="PASS" starttime="20220324 19:20:36.985" endtime="20220324 19:20:39.216"/>
</kw>
<kw name="Set Browser Implicit Wait" library="SeleniumLibrary">
<arg>10</arg>
<doc>Sets the implicit wait value used by Selenium.</doc>
<status status="PASS" starttime="20220324 19:20:39.216" endtime="20220324 19:20:39.218"/>
</kw>
<kw name="Maximize Browser Window" library="SeleniumLibrary">
<doc>Maximizes current browser window.</doc>
<status status="PASS" starttime="20220324 19:20:39.218" endtime="20220324 19:20:39.324"/>
</kw>
<kw name="Close Browser" library="SeleniumLibrary">
<doc>Closes the current browser.</doc>
<status status="PASS" starttime="20220324 19:20:39.325" endtime="20220324 19:20:39.382"/>
</kw>
<status status="PASS" starttime="20220324 19:20:36.985" endtime="20220324 19:20:39.382"/>
</test>
<test id="s1-t3" name="SampleLoginTest">
<kw name="Open Browser" library="SeleniumLibrary">
<arg>${URL}</arg>
<arg>${Browser}</arg>
<doc>Opens a new browser instance to the optional ``url``.</doc>
<msg timestamp="20220324 19:20:39.384" level="INFO">Opening browser 'Chrome' to base url 'https://opensource-demo.orangehrmlive.com/'.</msg>
<status status="PASS" starttime="20220324 19:20:39.383" endtime="20220324 19:20:43.828"/>
</kw>
<kw name="Maximize Browser Window" library="SeleniumLibrary">
<doc>Maximizes current browser window.</doc>
<status status="PASS" starttime="20220324 19:20:43.829" endtime="20220324 19:20:43.945"/>
</kw>
<kw name="Set Browser Implicit Wait" library="SeleniumLibrary">
<arg>10</arg>
<doc>Sets the implicit wait value used by Selenium.</doc>
<status status="PASS" starttime="20220324 19:20:43.945" endtime="20220324 19:20:43.949"/>
</kw>
<kw name="Input Text" library="SeleniumLibrary">
<arg>id=txtUsername</arg>
<arg>Admin</arg>
<doc>Types the given ``text`` into the text field identified by ``locator``.</doc>
<msg timestamp="20220324 19:20:43.951" level="INFO">Typing text 'Admin' into text field 'id=txtUsername'.</msg>
<status status="PASS" starttime="20220324 19:20:43.950" endtime="20220324 19:20:44.114"/>
</kw>
<kw name="Input Password" library="SeleniumLibrary">
<arg>id=txtPassword</arg>
<arg>admin123</arg>
<doc>Types the given password into the text field identified by ``locator``.</doc>
<msg timestamp="20220324 19:20:44.115" level="INFO">Typing password into text field 'id=txtPassword'.</msg>
<msg timestamp="20220324 19:20:44.145" level="INFO">Temporally setting log level to: NONE</msg>
<msg timestamp="20220324 19:20:44.175" level="INFO">Log level changed from NONE to INFO.</msg>
<status status="PASS" starttime="20220324 19:20:44.115" endtime="20220324 19:20:44.175"/>
</kw>
<kw name="Click Button" library="SeleniumLibrary">
<arg>id=btnLogin</arg>
<doc>Clicks the button identified by ``locator``.</doc>
<msg timestamp="20220324 19:20:44.176" level="INFO">Clicking button 'id=btnLogin'.</msg>
<status status="PASS" starttime="20220324 19:20:44.176" endtime="20220324 19:20:47.708"/>
</kw>
<kw name="Click Element" library="SeleniumLibrary">
<arg>id=welcome</arg>
<doc>Click the element identified by ``locator``.</doc>
<msg timestamp="20220324 19:20:47.709" level="INFO">Clicking element 'id=welcome'.</msg>
<status status="PASS" starttime="20220324 19:20:47.709" endtime="20220324 19:20:47.774"/>
</kw>
<kw name="Click Element" library="SeleniumLibrary">
<arg>link=Logout</arg>
<doc>Click the element identified by ``locator``.</doc>
<msg timestamp="20220324 19:20:47.774" level="INFO">Clicking element 'link=Logout'.</msg>
<status status="PASS" starttime="20220324 19:20:47.774" endtime="20220324 19:20:49.802"/>
</kw>
<kw name="Close Browser" library="SeleniumLibrary">
<doc>Closes the current browser.</doc>
<status status="PASS" starttime="20220324 19:20:49.802" endtime="20220324 19:20:49.870"/>
</kw>
<kw name="Log" library="BuiltIn">
<arg>Test completed</arg>
<doc>Logs the given message with the given level.</doc>
<msg timestamp="20220324 19:20:49.871" level="INFO">Test completed</msg>
<status status="PASS" starttime="20220324 19:20:49.870" endtime="20220324 19:20:49.871"/>
</kw>
<doc>This is a sample login test</doc>
<status status="PASS" starttime="20220324 19:20:39.383" endtime="20220324 19:20:49.871"/>
</test>
<status status="PASS" starttime="20220324 19:20:36.872" endtime="20220324 19:20:49.873"/>
</suite>
<statistics>
<total>
<stat pass="3" fail="0" skip="0">All Tests</stat>
</total>
<tag>
</tag>
<suite>
<stat pass="3" fail="0" skip="0" id="s1" name="Sampletest">Sampletest</stat>
</suite>
</statistics>
<errors>
</errors>
</robot>
